# JRE version: OpenJDK Runtime Environment Temurin-17.0.8.1+1 (17.0.8.1+1) (build 17.0.8.1+1)
# Java VM: OpenJDK 64-Bit Server VM Temurin-17.0.8.1+1 (17.0.8.1+1, mixed mode, emulated-client, sharing, tiered, compressed oops, compressed class ptrs, g1 gc, windows-amd64)
GC Precious Log:
 CPUs: 8 total, 8 available
 Memory: 8067M
 Large Page Support: Disabled
 NUMA Support: Disabled
 Compressed Oops: Enabled (32-bit)
 Heap Region Size: 1M
 Heap Min Capacity: 8M
 Heap Initial Capacity: 128M
 Heap Max Capacity: 1G
 Pre-touch: Disabled
 Parallel Workers: 8
 Concurrent Workers: 2
 Concurrent Refinement Workers: 8
 Periodic GC: Disabled
Heap:
 garbage-first heap   total 65536K, used 22672K [0x00000000c0000000, 0x0000000100000000)
  region size 1024K, 1 young (1024K), 0 survivors (0K)
 Metaspace       used 44611K, committed 44992K, reserved 1114112K
  class space    used 5792K, committed 5952K, reserved 1048576K
GC Heap History (20 events):
Event: 9989.025 GC heap before
{Heap before GC invocations=940 (full 928):
 garbage-first heap   total 65536K, used 22672K [0x00000000c0000000, 0x0000000100000000)
  region size 1024K, 1 young (1024K), 0 survivors (0K)
 Metaspace       used 44611K, committed 44992K, reserved 1114112K
  class space    used 5792K, committed 5952K, reserved 1048576K
}
Event: 9989.061 GC heap after
{Heap after GC invocations=941 (full 929):
 garbage-first heap   total 65536K, used 22672K [0x00000000c0000000, 0x0000000100000000)
  region size 1024K, 0 young (0K), 0 survivors (0K)
 Metaspace       used 44611K, committed 44992K, reserved 1114112K
  class space    used 5792K, committed 5952K, reserved 1048576K
}
Event: 9999.312 GC heap before
{Heap before GC invocations=941 (full 929):
 garbage-first heap   total 65536K, used 22672K [0x00000000c0000000, 0x0000000100000000)
  region size 1024K, 1 young (1024K), 0 survivors (0K)
 Metaspace       used 44611K, committed 44992K, reserved 1114112K
  class space    used 5792K, committed 5952K, reserved 1048576K
}
Event: 9999.348 GC heap after
{Heap after GC invocations=942 (full 930):
 garbage-first heap   total 65536K, used 22672K [0x00000000c0000000, 0x0000000100000000)
  region size 1024K, 0 young (0K), 0 survivors (0K)
 Metaspace       used 44611K, committed 44992K, reserved 1114112K
  class space    used 5792K, committed 5952K, reserved 1048576K
}
Event: 10009.592 GC heap before
{Heap before GC invocations=942 (full 930):
 garbage-first heap   total 65536K, used 22672K [0x00000000c0000000, 0x0000000100000000)
  region size 1024K, 1 young (1024K), 0 survivors (0K)
 Metaspace       used 44611K, committed 44992K, reserved 1114112K
  class space    used 5792K, committed 5952K, reserved 1048576K
}
Event: 10009.624 GC heap after
{Heap after GC invocations=943 (full 931):
 garbage-first heap   total 65536K, used 22672K [0x00000000c0000000, 0x0000000100000000)
  region size 1024K, 0 young (0K), 0 survivors (0K)
 Metaspace       used 44611K, committed 44992K, reserved 1114112K
  class space    used 5792K, committed 5952K, reserved 1048576K
}
Event: 10019.939 GC heap before
{Heap before GC invocations=943 (full 931):
 garbage-first heap   total 65536K, used 22672K [0x00000000c0000000, 0x0000000100000000)
  region size 1024K, 1 young (1024K), 0 survivors (0K)
 Metaspace       used 44611K, committed 44992K, reserved 1114112K
  class space    used 5792K, committed 5952K, reserved 1048576K
}
Event: 10019.970 GC heap after
{Heap after GC invocations=944 (full 932):
 garbage-first heap   total 65536K, used 22672K [0x00000000c0000000, 0x0000000100000000)
  region size 1024K, 0 young (0K), 0 survivors (0K)
 Metaspace       used 44611K, committed 44992K, reserved 1114112K
  class space    used 5792K, committed 5952K, reserved 1048576K
}
Event: 10030.282 GC heap before
{Heap before GC invocations=944 (full 932):
 garbage-first heap   total 65536K, used 22672K [0x00000000c0000000, 0x0000000100000000)
  region size 1024K, 1 young (1024K), 0 survivors (0K)
 Metaspace       used 44611K, committed 44992K, reserved 1114112K
  class space    used 5792K, committed 5952K, reserved 1048576K
}
Event: 10030.318 GC heap after
{Heap after GC invocations=945 (full 933):
 garbage-first heap   total 65536K, used 22672K [0x00000000c0000000, 0x0000000100000000)
  region size 1024K, 0 young (0K), 0 survivors (0K)
 Metaspace       used 44611K, committed 44992K, reserved 1114112K
  class space    used 5792K, committed 5952K, reserved 1048576K
}
Event: 10040.806 GC heap before
{Heap before GC invocations=945 (full 933):
 garbage-first heap   total 65536K, used 22672K [0x00000000c0000000, 0x0000000100000000)
  region size 1024K, 1 young (1024K), 0 survivors (0K)
 Metaspace       used 44611K, committed 44992K, reserved 1114112K
  class space    used 5792K, committed 5952K, reserved 1048576K
}
Event: 10040.858 GC heap after
{Heap after GC invocations=946 (full 934):
 garbage-first heap   total 65536K, used 22672K [0x00000000c0000000, 0x0000000100000000)
  region size 1024K, 0 young (0K), 0 survivors (0K)
 Metaspace       used 44611K, committed 44992K, reserved 1114112K
  class space    used 5792K, committed 5952K, reserved 1048576K
}
Event: 10051.151 GC heap before
{Heap before GC invocations=946 (full 934):
 garbage-first heap   total 65536K, used 22672K [0x00000000c0000000, 0x0000000100000000)
  region size 1024K, 1 young (1024K), 0 survivors (0K)
 Metaspace       used 44611K, committed 44992K, reserved 1114112K
  class space    used 5792K, committed 5952K, reserved 1048576K
}
Event: 10051.184 GC heap after
{Heap after GC invocations=947 (full 935):
 garbage-first heap   total 65536K, used 22672K [0x00000000c0000000, 0x0000000100000000)
  region size 1024K, 0 young (0K), 0 survivors (0K)
 Metaspace       used 44611K, committed 44992K, reserved 1114112K
  class space    used 5792K, committed 5952K, reserved 1048576K
}
Event: 10061.648 GC heap before
{Heap before GC invocations=947 (full 935):
 garbage-first heap   total 65536K, used 22672K [0x00000000c0000000, 0x0000000100000000)
  region size 1024K, 1 young (1024K), 0 survivors (0K)
 Metaspace       used 44611K, committed 44992K, reserved 1114112K
  class space    used 5792K, committed 5952K, reserved 1048576K
}
Event: 10061.689 GC heap after
{Heap after GC invocations=948 (full 936):
 garbage-first heap   total 65536K, used 22672K [0x00000000c0000000, 0x0000000100000000)
  region size 1024K, 0 young (0K), 0 survivors (0K)
 Metaspace       used 44611K, committed 44992K, reserved 1114112K
  class space    used 5792K, committed 5952K, reserved 1048576K
}
Event: 10072.237 GC heap before
{Heap before GC invocations=948 (full 936):
 garbage-first heap   total 65536K, used 22672K [0x00000000c0000000, 0x0000000100000000)
  region size 1024K, 1 young (1024K), 0 survivors (0K)
 Metaspace       used 44611K, committed 44992K, reserved 1114112K
  class space    used 5792K, committed 5952K, reserved 1048576K
}
Event: 10072.283 GC heap after
{Heap after GC invocations=949 (full 937):
 garbage-first heap   total 65536K, used 22672K [0x00000000c0000000, 0x0000000100000000)
  region size 1024K, 0 young (0K), 0 survivors (0K)
 Metaspace       used 44611K, committed 44992K, reserved 1114112K
  class space    used 5792K, committed 5952K, reserved 1048576K
}
Event: 10082.585 GC heap before
{Heap before GC invocations=949 (full 937):
 garbage-first heap   total 65536K, used 22672K [0x00000000c0000000, 0x0000000100000000)
  region size 1024K, 1 young (1024K), 0 survivors (0K)
 Metaspace       used 44611K, committed 44992K, reserved 1114112K
  class space    used 5792K, committed 5952K, reserved 1048576K
}
Event: 10082.622 GC heap after
{Heap after GC invocations=950 (full 938):
 garbage-first heap   total 65536K, used 22672K [0x00000000c0000000, 0x0000000100000000)
  region size 1024K, 0 young (0K), 0 survivors (0K)
 Metaspace       used 44611K, committed 44992K, reserved 1114112K
  class space    used 5792K, committed 5952K, reserved 1048576K
}

